<?xml version="1.0" encoding="UTF-8"?>
<testng-results skipped="0" failed="0" total="2" passed="2">
  <reporter-output>
  </reporter-output>
  <suite name="Default suite" duration-ms="11685" started-at="2021-11-24T14:24:51Z" finished-at="2021-11-24T14:25:03Z">
    <groups>
    </groups>
    <test name="Default test" duration-ms="11685" started-at="2021-11-24T14:24:51Z" finished-at="2021-11-24T14:25:03Z">
      <class name="com.cpq.qa.test.LoginPageTest">
        <test-method status="PASS" signature="setUp()[pri:0, instance:com.cpq.qa.test.LoginPageTest@3ac3fd8b]" name="setUp" is-config="true" duration-ms="4691" started-at="2021-11-24T19:54:51Z" finished-at="2021-11-24T19:54:56Z">
          <reporter-output>
          </reporter-output>
        </test-method> <!-- setUp -->
        <test-method status="PASS" signature="loginPageTitleTest()[pri:1, instance:com.cpq.qa.test.LoginPageTest@3ac3fd8b]" name="loginPageTitleTest" duration-ms="26" started-at="2021-11-24T19:54:56Z" finished-at="2021-11-24T19:54:56Z">
          <reporter-output>
          </reporter-output>
        </test-method> <!-- loginPageTitleTest -->
        <test-method status="PASS" signature="tearDown()[pri:0, instance:com.cpq.qa.test.LoginPageTest@3ac3fd8b]" name="tearDown" is-config="true" duration-ms="658" started-at="2021-11-24T19:54:56Z" finished-at="2021-11-24T19:54:56Z">
          <reporter-output>
          </reporter-output>
        </test-method> <!-- tearDown -->
        <test-method status="PASS" signature="setUp()[pri:0, instance:com.cpq.qa.test.LoginPageTest@3ac3fd8b]" name="setUp" is-config="true" duration-ms="2955" started-at="2021-11-24T19:54:56Z" finished-at="2021-11-24T19:54:59Z">
          <reporter-output>
          </reporter-output>
        </test-method> <!-- setUp -->
        <test-method status="PASS" signature="salesforceLogoTest()[pri:2, instance:com.cpq.qa.test.LoginPageTest@3ac3fd8b]" name="salesforceLogoTest" duration-ms="2633" started-at="2021-11-24T19:54:59Z" finished-at="2021-11-24T19:55:02Z">
          <reporter-output>
          </reporter-output>
        </test-method> <!-- salesforceLogoTest -->
        <test-method status="PASS" signature="tearDown()[pri:0, instance:com.cpq.qa.test.LoginPageTest@3ac3fd8b]" name="tearDown" is-config="true" duration-ms="701" started-at="2021-11-24T19:55:02Z" finished-at="2021-11-24T19:55:03Z">
          <reporter-output>
          </reporter-output>
        </test-method> <!-- tearDown -->
      </class> <!-- com.cpq.qa.test.LoginPageTest -->
    </test> <!-- Default test -->
  </suite> <!-- Default suite -->
</testng-results>
